"C:/Users/Stefan/Documents/Unreal Projects/arcore170/HeARme/Content/AR_Images/01.uasset" 0
"C:/Users/Stefan/Documents/Unreal Projects/arcore170/HeARme/Content/CandidateImages/CandidateImg_0.uasset" 1
"C:/Users/Stefan/Documents/Unreal Projects/arcore170/HeARme/Content/AR_Images/02.uasset" 2
"C:/Users/Stefan/Documents/Unreal Projects/arcore170/HeARme/Content/CandidateImages/CandidateImg_1.uasset" 3
"C:/Users/Stefan/Documents/Unreal Projects/arcore170/HeARme/Content/AR_Images/03.uasset" 4
"C:/Users/Stefan/Documents/Unreal Projects/arcore170/HeARme/Content/CandidateImages/CandidateImg_2.uasset" 5
"C:/Users/Stefan/Documents/Unreal Projects/arcore170/HeARme/Content/CrossPlatformARImageConfig.uasset" 6
"C:/Users/Stefan/Documents/Unreal Projects/arcore170/HeARme/Content/ARImageConfig.uasset" 7
"C:/Users/Stefan/Documents/Unreal Projects/arcore170/HeARme/Content/AR_Pawn.uasset" 8
"C:/Users/Stefan/Documents/Unreal Projects/arcore170/HeARme/Content/AR_GameMode.uasset" 9
"C:/Users/Stefan/Documents/Unreal Projects/arcore170/HeARme/Content/AugmentedImages_GameMode.uasset" 10
"C:/Users/Stefan/Documents/Unreal Projects/arcore170/HeARme/Content/AugmentedImages_PictureFrame/Frame_base.uasset" 11
"C:/Users/Stefan/Documents/Unreal Projects/arcore170/HeARme/Content/AugmentedImages_PictureFrame/PictureFrameMaterial.uasset" 12
"../../../Engine/Content/Animation/DefaultAnimCurveCompressionSettings.uasset" 13
"../../../Engine/Content/Functions/Engine_MaterialFunctions01/Opacity/CameraDepthFade.uasset" 14
"../../../Engine/Content/EngineMaterials/T_Default_Material_Grid_M.uasset" 15
"../../../Engine/Content/EngineMaterials/T_Default_Material_Grid_N.uasset" 16
"../../../Engine/Content/EngineMaterials/WorldGridMaterial.uasset" 17
"../../../Engine/Content/ArtTools/RenderToTexture/Meshes/S_1_Unit_Plane.uasset" 18
"../../../Engine/Content/EngineMaterials/DefaultMaterial.uasset" 19
"../../../Engine/Content/BasicShapes/Cone.uasset" 20
"../../../Engine/Content/BasicShapes/Cube.uasset" 21
"../../../Engine/Content/BasicShapes/Cylinder.uasset" 22
"../../../Engine/Content/BasicShapes/Plane.uasset" 23
"../../../Engine/Content/BasicShapes/Sphere.uasset" 24
"../../../Engine/Content/EditorLandscapeResources/DataLayer.uasset" 25
"../../../Engine/Content/EditorMaterials/GizmoMaterial.uasset" 26
"../../../Engine/Content/EditorMaterials/MAT_Groups_Toggle.uasset" 27
"../../../Engine/Content/EditorMaterials/MAT_Groups_Visibility.uasset" 28
"../../../Engine/Content/EditorMaterials/PreviewShadowIndicator.uasset" 29
"../../../Engine/Content/EditorMaterials/PreviewShadowIndicatorMaterial.uasset" 30
"../../../Engine/Content/EditorMaterials/MatineeGroups/MAT_ColorTrack.uasset" 31
"../../../Engine/Content/EditorMaterials/MatineeGroups/MAT_Groups_Anim.uasset" 32
"../../../Engine/Content/EditorMaterials/MatineeGroups/MAT_Groups_AudioMaster.uasset" 33
"../../../Engine/Content/EditorMaterials/MatineeGroups/MAT_Groups_Director.uasset" 34
"../../../Engine/Content/EditorMaterials/MatineeGroups/MAT_Groups_Event.uasset" 35
"../../../Engine/Content/EditorMaterials/MatineeGroups/MAT_Groups_Fade.uasset" 36
"../../../Engine/Content/EditorMaterials/MatineeGroups/MAT_Groups_Float.uasset" 37
"../../../Engine/Content/EditorMaterials/MatineeGroups/MAT_Groups_Move.uasset" 38
"../../../Engine/Content/EditorMaterials/MatineeGroups/MAT_Groups_Slomo.uasset" 39
"../../../Engine/Content/EditorMaterials/MatineeGroups/MAT_Groups_Sound.uasset" 40
"../../../Engine/Content/EditorMaterials/MatineeGroups/MAT_Groups_Vector.uasset" 41
"../../../Engine/Content/EditorMaterials/ParticleSystems/PSysThumbnail_NoImage.uasset" 42
"../../../Engine/Content/EditorMaterials/ParticleSystems/PSysThumbnail_OOD.uasset" 43
"../../../Engine/Content/EditorMaterials/Camera/CineMat.uasset" 44
"../../../Engine/Content/EditorMaterials/Camera/MI_CineMat_Rig.uasset" 45
"../../../Engine/Content/EditorMeshes/Camera/SM_CraneRig_Arm.uasset" 46
"../../../Engine/Content/EditorMeshes/Camera/SM_CraneRig_Base.uasset" 47
"../../../Engine/Content/EditorMeshes/Camera/SM_CraneRig_Body.uasset" 48
"../../../Engine/Content/EditorMeshes/Camera/SM_CraneRig_Mount.uasset" 49
"../../../Engine/Content/EditorMeshes/Camera/SM_RailRig_Mount.uasset" 50
"../../../Engine/Content/EditorMeshes/Camera/SM_RailRig_Track.uasset" 51
"../../../Engine/Content/EditorResources/BSPVertex.uasset" 52
"../../../Engine/Content/EditorResources/EmptyActor.uasset" 53
"../../../Engine/Content/EditorResources/S_Actor.uasset" 54
"../../../Engine/Content/EditorResources/S_Note.uasset" 55
"../../../Engine/Content/EditorResources/S_Solver.uasset" 56
"../../../Engine/Content/EditorResources/S_Trigger.uasset" 57
"../../../Engine/Content/EditorResources/LightIcons/S_LightError.uasset" 58
"../../../Engine/Content/EditorResources/SequenceRecorder/Countdown.uasset" 59
"../../../Engine/Content/EditorResources/SequenceRecorder/RecordingIndicator.uasset" 60
"../../../Engine/Content/EditorSounds/Notifications/CompileFailed.uasset" 61
"../../../Engine/Content/EditorSounds/Notifications/CompileFailed_Cue.uasset" 62
"../../../Engine/Content/EditorSounds/Notifications/CompileSuccess.uasset" 63
"../../../Engine/Content/EditorSounds/Notifications/CompileStart_Cue.uasset" 64
"../../../Engine/Content/EditorSounds/Notifications/CompileSuccess_Cue.uasset" 65
"../../../Engine/Content/EngineDamageTypes/DmgTypeBP_Environmental.uasset" 66
"../../../Engine/Content/EngineDebugMaterials/HeatmapGradient.uasset" 67
"../../../Engine/Content/EngineDebugMaterials/BoneWeightMaterial.uasset" 68
"../../../Engine/Content/EngineDebugMaterials/ClothMaterial.uasset" 69
"../../../Engine/Content/EngineDebugMaterials/ClothMaterial_WF.uasset" 70
"../../../Engine/Content/EngineDebugMaterials/DebugEditorMaterial.uasset" 71
"../../../Engine/Content/EngineDebugMaterials/DebugMeshMaterial.uasset" 72
"../../../Engine/Content/EngineDebugMaterials/GeomMaterial.uasset" 73
"../../../Engine/Content/EngineDebugMaterials/M_SimpleTranslucent.uasset" 74
"../../../Engine/Content/Functions/Engine_MaterialFunctions02/Utility/CameraDirectionVector.uasset" 75
"../../../Engine/Content/EngineDebugMaterials/VolumeToRender.uasset" 76
"../../../Engine/Content/EngineDebugMaterials/M_VolumeRenderSphereTracePP.uasset" 77
"../../../Engine/Content/EngineDebugMaterials/WireframeMaterial.uasset" 78
"../../../Engine/Content/EngineFonts/Faces/RobotoBold.uasset" 79
"../../../Engine/Content/EngineFonts/Faces/RobotoBoldItalic.uasset" 80
"../../../Engine/Content/EngineFonts/Faces/RobotoItalic.uasset" 81
"../../../Engine/Content/EngineFonts/Faces/RobotoLight.uasset" 82
"../../../Engine/Content/EngineFonts/Faces/RobotoRegular.uasset" 83
"../../../Engine/Content/EngineFonts/Roboto.uasset" 84
"../../../Engine/Content/EngineFonts/Faces/RobotoTiny.uasset" 85
"../../../Engine/Content/EngineFonts/RobotoTiny.uasset" 86
"../../../Engine/Content/EngineMaterials/BaseFlattenDiffuseMap.uasset" 87
"../../../Engine/Content/EngineMaterials/BaseFlattenEmissiveMap.uasset" 88
"../../../Engine/Content/EngineMaterials/BaseFlattenGrayscaleMap.uasset" 89
"../../../Engine/Content/EngineMaterials/BaseFlattenNormalMap.uasset" 90
"../../../Engine/Content/EngineMaterials/BaseFlattenMaterial.uasset" 91
"../../../Engine/Content/EngineMaterials/BlueNoise.uasset" 92
"../../../Engine/Content/EngineMaterials/DefaultBloomKernel.uasset" 93
"../../../Engine/Content/EngineMaterials/DefaultBokeh.uasset" 94
"../../../Engine/Content/EngineMaterials/DefaultDiffuse.uasset" 95
"../../../Engine/Content/EngineMaterials/DefaultDeferredDecalMaterial.uasset" 96
"../../../Engine/Content/EngineMaterials/DefaultLightFunctionMaterial.uasset" 97
"../../../Engine/Content/EngineMaterials/DefaultPhysicalMaterial.uasset" 98
"../../../Engine/Content/Functions/Engine_MaterialFunctions02/Utility/BreakOutFloat2Components.uasset" 99
"../../../Engine/Content/EngineMaterials/DefaultPostProcessMaterial.uasset" 100
"../../../Engine/Content/EngineFonts/RobotoDistanceField.uasset" 101
"../../../Engine/Content/EngineMaterials/DefaultTextMaterialOpaque.uasset" 102
"../../../Engine/Content/EngineMaterials/DefaultVirtualTextureMaterial.uasset" 103
"../../../Engine/Content/EngineMaterials/DefaultWhiteGrid.uasset" 104
"../../../Engine/Content/EngineMaterials/EditorBrushMaterial.uasset" 105
"../../../Engine/Content/EngineMaterials/DefaultWhiteGrid_Low.uasset" 106
"../../../Engine/Content/EngineMaterials/EmissiveMeshMaterial.uasset" 107
"../../../Engine/Content/EngineMaterials/Good64x64TilingNoiseHighFreq.uasset" 108
"../../../Engine/Content/EngineMaterials/MiniFont.uasset" 109
"../../../Engine/Content/EngineMaterials/InvalidLightmapSettings.uasset" 110
"../../../Engine/Content/EngineMaterials/M_InvalidLightmapSettings.uasset" 111
"../../../Engine/Content/Functions/Engine_MaterialFunctions02/WorldPositionOffset/CameraOffset.uasset" 112
"../../../Engine/Content/EngineMaterials/PhAT_JointLimitMaterial.uasset" 113
"../../../Engine/Content/EngineMaterials/PreintegratedSkinBRDF.uasset" 114
"../../../Engine/Content/EngineMaterials/RemoveSurfaceMaterial.uasset" 115
"../../../Engine/Content/EngineMaterials/WeightMapPlaceholderTexture.uasset" 116
"../../../Engine/Content/EngineResources/WhiteSquareTexture.uasset" 117
"../../../Engine/Content/EngineMaterials/Widget3DPassThrough.uasset" 118
"../../../Engine/Content/EngineMaterials/Widget3DPassThrough_Masked.uasset" 119
"../../../Engine/Content/EngineMaterials/Widget3DPassThrough_Opaque.uasset" 120
"../../../Engine/Content/EngineMaterials/Widget3DPassThrough_Masked_OneSided.uasset" 121
"../../../Engine/Content/EngineMaterials/Widget3DPassThrough_Opaque_OneSided.uasset" 122
"../../../Engine/Content/EngineMaterials/Widget3DPassThrough_Translucent.uasset" 123
"../../../Engine/Content/EngineMaterials/Widget3DPassThrough_Translucent_OneSided.uasset" 124
"../../../Engine/Content/EngineMeshes/Cylinder.uasset" 125
"../../../Engine/Content/EngineMeshes/Sphere.uasset" 126
"../../../Engine/Content/EngineResources/Black.uasset" 127
"../../../Engine/Content/EngineResources/DefaultTexture.uasset" 128
"../../../Engine/Content/EngineResources/DefaultTextureCube.uasset" 129
"../../../Engine/Content/EngineResources/DefaultVolumeTexture2D.uasset" 130
"../../../Engine/Content/EngineResources/DefaultVolumeTexture.uasset" 131
"../../../Engine/Content/EngineResources/GradientTexture0.uasset" 132
"../../../Engine/Content/EngineSounds/Master.uasset" 133
"../../../Engine/Content/Functions/Engine_MaterialFunctions01/Shading/ConvertFromDiffSpec.uasset" 134
"../../../Engine/Content/Functions/Engine_MaterialFunctions01/Shading/PowerToRoughness.uasset" 135
"../../../Engine/Content/Maps/Templates/Thumbnails/Default.uasset" 136
"../../../Engine/Content/Maps/Templates/Thumbnails/VR-Basic.uasset" 137
"../../../Engine/Content/MobileResources/T_MobileControls_texture.uasset" 138
"../../../Engine/Content/MobileResources/T_MobileMenu2.uasset" 139
"../../../Engine/Content/MobileResources/HUD/AnalogHat.uasset" 140
"../../../Engine/Content/MobileResources/HUD/VirtualJoystick_Background.uasset" 141
"../../../Engine/Content/MobileResources/HUD/VirtualJoystick_Thumb.uasset" 142
"../../../Engine/Content/MobileResources/HUD/DefaultVirtualJoysticks.uasset" 143
"../../../Engine/Content/MobileResources/HUD/LeftVirtualJoystickOnly.uasset" 144
"../../../Engine/Content/MobileResources/HUD/MobileHUDButton1_off.uasset" 145
"../../../Engine/Content/MobileResources/HUD/MobileHUDButton1_on.uasset" 146
"../../../Engine/Content/MobileResources/HUD/MobileHUDButton2_off.uasset" 147
"../../../Engine/Content/MobileResources/HUD/MobileHUDButton2_on.uasset" 148
"../../../Engine/Content/MobileResources/HUD/MobileHUDButton3.uasset" 149
"../../../Engine/Content/MobileResources/HUD/MobileHUDButtonFire.uasset" 150
"../../../Engine/Content/MobileResources/HUD/MobileHUDDirectionPad.uasset" 151
"../../../Engine/Content/MobileResources/HUD/MobileHUDDirectionPad2.uasset" 152
"../../../Engine/Content/MobileResources/HUD/MobileHUDDirectionPad3.uasset" 153
"../../../Engine/Content/MobileResources/HUD/MobileHUDDirectionStick.uasset" 154
"../../../Engine/Content/MobileResources/HUD/T_Castle_ThumbstickInner.uasset" 155
"../../../Engine/Content/MobileResources/HUD/T_Castle_ThumbstickOutter.uasset" 156
"../../../Engine/Content/Tutorial/ContentIntroCurve.uasset" 157
"../../../Engine/Content/Tutorial/Basics/LevelEditorAttract.uasset" 158
"../../../Engine/Content/Tutorial/Mobile/TutorialAssets/android_Icon.uasset" 159
"../../../Engine/Content/Tutorial/Mobile/SettingUpAndroidTutorial.uasset" 160
"../../../Engine/Content/VREditor/LaserPointer/VR_LaserPower_01.uasset" 161
"../../../Engine/Content/VREditor/TransformGizmo/TransformGizmoMaterial.uasset" 162
"../../../Engine/Content/VREditor/TransformGizmo/TranslucentTransformGizmoMaterial.uasset" 163
"../../../Engine/Content/VREditor/TransformGizmo/BoundingBoxCorner.uasset" 164
"../../../Engine/Content/VREditor/TransformGizmo/BoundingBoxEdge.uasset" 165
"../../../Engine/Content/VREditor/TransformGizmo/PlaneTranslationHandle.uasset" 166
"../../../Engine/Content/VREditor/TransformGizmo/Main.uasset" 167
"../../../Engine/Content/VREditor/TransformGizmo/Xray.uasset" 168
"../../../Engine/Content/VREditor/TransformGizmo/SM_Sequencer_Key.uasset" 169
"../../../Engine/Content/VREditor/TransformGizmo/SM_Sequencer_Node.uasset" 170
"../../Plugins/2D/Paper2D/Content/PlaceholderTextures/DummySpriteTexture.uasset" 171
"../../Plugins/2D/Paper2D/Content/DummySprite.uasset" 172
"../../Plugins/2D/Paper2D/Content/DefaultPaperTerrainMaterial.uasset" 173
"../../Plugins/2D/Paper2D/Content/DummySpriteTexture.uasset" 174
"../../Plugins/2D/Paper2D/Content/DefaultSpriteMaterial.uasset" 175
"../../Plugins/2D/Paper2D/Content/MaskedUnlitSpriteMaterial.uasset" 176
"../../Plugins/2D/Paper2D/Content/OpaqueUnlitSpriteMaterial.uasset" 177
"../../Plugins/Runtime/AR/Apple/AppleARKit/Content/M_CameraOverlay.uasset" 178
"../../../Engine/Content/ArtTools/RenderToTexture/Textures/127grey.uasset" 179
"../../Plugins/Runtime/AR/Google/GoogleARCore/Content/GoogleARCorePassthroughCameraMaterial.uasset" 180
"../../Plugins/Runtime/Oculus/OculusVR/Content/OculusMR_RenderTarget.uasset" 181
"../../../Engine/Content/Functions/Engine_MaterialFunctions02/Utility/BreakOutFloat4Components.uasset" 182
"../../../Engine/Content/Functions/Engine_MaterialFunctions02/Utility/MakeFloat2.uasset" 183
"../../../Engine/Content/Functions/Engine_MaterialFunctions02/Utility/MakeFloat3.uasset" 184
"../../Plugins/Runtime/Oculus/OculusVR/Content/Materials/OculusMR_ChromaKey.uasset" 185
"../../Plugins/Runtime/Oculus/OculusVR/Content/Materials/OculusMR_ChromaKey_Lit.uasset" 186
"../../Plugins/Runtime/Oculus/OculusVR/Content/Materials/OculusMR_OpaqueColoredMaterial.uasset" 187
"../../Plugins/Runtime/Oculus/OculusVR/Content/Materials/OculusMR_WhiteMaterial.uasset" 188
"../../../Engine/Content/EditorBlueprintResources/StandardMacros.uasset" 189
"C:/Users/Stefan/Documents/Unreal Projects/arcore170/HeARme/Content/MessageDialog.uasset" 190
"C:/Users/Stefan/Documents/Unreal Projects/arcore170/HeARme/Content/ARSessionErrorHandler.uasset" 191
"C:/Users/Stefan/Documents/Unreal Projects/arcore170/HeARme/Content/CharacterBoy/CharacterBoy_Skeleton.uasset" 192
"C:/Users/Stefan/Documents/Unreal Projects/arcore170/HeARme/Content/CharacterBoy/BoyAnim/CharacterBoy_Airplane_Anim.uasset" 193
"C:/Users/Stefan/Documents/Unreal Projects/arcore170/HeARme/Content/CharacterBoy/BoyAnim/CharacterBoy_Elephant_Anim.uasset" 194
"C:/Users/Stefan/Documents/Unreal Projects/arcore170/HeARme/Content/CharacterBoy/BoyAnim/CharacterBoy_Idle_Anim.uasset" 195
"C:/Users/Stefan/Documents/Unreal Projects/arcore170/HeARme/Content/CharacterBoy/BoyAnim/CharacterBoy_Train_Anim.uasset" 196
"C:/Users/Stefan/Documents/Unreal Projects/arcore170/HeARme/Content/AugmentedImages_PictureFrame/Frame_LowerLeft.uasset" 197
"C:/Users/Stefan/Documents/Unreal Projects/arcore170/HeARme/Content/AugmentedImages_PictureFrame/Frame_LowerRight.uasset" 198
"C:/Users/Stefan/Documents/Unreal Projects/arcore170/HeARme/Content/AugmentedImages_PictureFrame/Frame_UpperLeft.uasset" 199
"C:/Users/Stefan/Documents/Unreal Projects/arcore170/HeARme/Content/AugmentedImages_PictureFrame/Frame_UpperRight.uasset" 200
"C:/Users/Stefan/Documents/Unreal Projects/arcore170/HeARme/Content/CharacterBoy/BoyTextures/Boy1_Base_Color.uasset" 201
"C:/Users/Stefan/Documents/Unreal Projects/arcore170/HeARme/Content/CharacterBoy/BoyTextures/Boy1_Mixed_AO.uasset" 202
"C:/Users/Stefan/Documents/Unreal Projects/arcore170/HeARme/Content/CharacterBoy/BoyTextures/Boy1_Normal_OpenGL.uasset" 203
"C:/Users/Stefan/Documents/Unreal Projects/arcore170/HeARme/Content/CharacterBoy/BoyTextures/Boy1_Roughness.uasset" 204
"C:/Users/Stefan/Documents/Unreal Projects/arcore170/HeARme/Content/CharacterBoy/BoyMaterials/Boy_Mat_1.uasset" 205
"C:/Users/Stefan/Documents/Unreal Projects/arcore170/HeARme/Content/CharacterBoy/BoyMaterials/Boy_Mat_2.uasset" 206
"C:/Users/Stefan/Documents/Unreal Projects/arcore170/HeARme/Content/CharacterBoy/BoyMaterials/Boy_Mat_3.uasset" 207
"C:/Users/Stefan/Documents/Unreal Projects/arcore170/HeARme/Content/CharacterBoy/CharacterBoy_PhysicsAsset.uasset" 208
"C:/Users/Stefan/Documents/Unreal Projects/arcore170/HeARme/Content/CharacterBoy/CharacterBoy.uasset" 209
"C:/Users/Stefan/Documents/Unreal Projects/arcore170/HeARme/Content/AugmentedImages_PictureFrame/PictureFrame.uasset" 210
"C:/Users/Stefan/Documents/Unreal Projects/arcore170/HeARme/Content/TrackingStateOverlay.uasset" 211
"C:/Users/Stefan/Documents/Unreal Projects/arcore170/HeARme/Content/AR_Map.umap" 212
"../../../Engine/Content/Maps/Entry_BuiltData.uasset" 213
"../../../Engine/Content/Maps/Entry.umap" 214
